<?xml version="1.0" encoding="UTF-8"?>
<testsuite name="com.example.AkkaQuickstartTest" tests="1" skipped="0" failures="1" errors="0" timestamp="2020-10-25T11:32:51" hostname="VINAYJADON" time="3.108">
  <properties/>
  <testcase name="testGreeterActorSendingOfGreeting" classname="com.example.AkkaQuickstartTest" time="3.108">
    <failure message="java.lang.AssertionError: timeout (3 seconds) during expectMessage while waiting for Start Initialization" type="java.lang.AssertionError">java.lang.AssertionError: timeout (3 seconds) during expectMessage while waiting for Start Initialization
	at akka.actor.testkit.typed.internal.TestProbeImpl.assertFail(TestProbeImpl.scala:387)
	at akka.actor.testkit.typed.internal.TestProbeImpl.expectMessage_internal(TestProbeImpl.scala:166)
	at akka.actor.testkit.typed.internal.TestProbeImpl.expectMessage(TestProbeImpl.scala:144)
	at com.example.AkkaQuickstartTest.testGreeterActorSendingOfGreeting(AkkaQuickstartTest.java:20)
	at sun.reflect.NativeMethodAccessorImpl.invoke0(Native Method)
	at sun.reflect.NativeMethodAccessorImpl.invoke(NativeMethodAccessorImpl.java:62)
	at sun.reflect.DelegatingMethodAccessorImpl.invoke(DelegatingMethodAccessorImpl.java:43)
	at java.lang.reflect.Method.invoke(Method.java:498)
	at org.junit.runners.model.FrameworkMethod$1.runReflectiveCall(FrameworkMethod.java:50)
	at org.junit.internal.runners.model.ReflectiveCallable.run(ReflectiveCallable.java:12)
	at org.junit.runners.model.FrameworkMethod.invokeExplosively(FrameworkMethod.java:47)
	at org.junit.internal.runners.statements.InvokeMethod.evaluate(InvokeMethod.java:17)
	at org.junit.runners.ParentRunner.runLeaf(ParentRunner.java:325)
	at org.junit.runners.BlockJUnit4ClassRunner.runChild(BlockJUnit4ClassRunner.java:78)
	at org.junit.runners.BlockJUnit4ClassRunner.runChild(BlockJUnit4ClassRunner.java:57)
	at org.junit.runners.ParentRunner$3.run(ParentRunner.java:290)
	at org.junit.runners.ParentRunner$1.schedule(ParentRunner.java:71)
	at org.junit.runners.ParentRunner.runChildren(ParentRunner.java:288)
	at org.junit.runners.ParentRunner.access$000(ParentRunner.java:58)
	at org.junit.runners.ParentRunner$2.evaluate(ParentRunner.java:268)
	at org.junit.rules.ExternalResource$1.evaluate(ExternalResource.java:48)
	at org.junit.rules.RunRules.evaluate(RunRules.java:20)
	at org.junit.runners.ParentRunner.run(ParentRunner.java:363)
	at org.gradle.api.internal.tasks.testing.junit.JUnitTestClassExecutor.runTestClass(JUnitTestClassExecutor.java:110)
	at org.gradle.api.internal.tasks.testing.junit.JUnitTestClassExecutor.execute(JUnitTestClassExecutor.java:58)
	at org.gradle.api.internal.tasks.testing.junit.JUnitTestClassExecutor.execute(JUnitTestClassExecutor.java:38)
	at org.gradle.api.internal.tasks.testing.junit.AbstractJUnitTestClassProcessor.processTestClass(AbstractJUnitTestClassProcessor.java:62)
	at org.gradle.api.internal.tasks.testing.SuiteTestClassProcessor.processTestClass(SuiteTestClassProcessor.java:51)
	at sun.reflect.NativeMethodAccessorImpl.invoke0(Native Method)
	at sun.reflect.NativeMethodAccessorImpl.invoke(NativeMethodAccessorImpl.java:62)
	at sun.reflect.DelegatingMethodAccessorImpl.invoke(DelegatingMethodAccessorImpl.java:43)
	at java.lang.reflect.Method.invoke(Method.java:498)
	at org.gradle.internal.dispatch.ReflectionDispatch.dispatch(ReflectionDispatch.java:36)
	at org.gradle.internal.dispatch.ReflectionDispatch.dispatch(ReflectionDispatch.java:24)
	at org.gradle.internal.dispatch.ContextClassLoaderDispatch.dispatch(ContextClassLoaderDispatch.java:33)
	at org.gradle.internal.dispatch.ProxyDispatchAdapter$DispatchingInvocationHandler.invoke(ProxyDispatchAdapter.java:94)
	at com.sun.proxy.$Proxy2.processTestClass(Unknown Source)
	at org.gradle.api.internal.tasks.testing.worker.TestWorker.processTestClass(TestWorker.java:119)
	at sun.reflect.NativeMethodAccessorImpl.invoke0(Native Method)
	at sun.reflect.NativeMethodAccessorImpl.invoke(NativeMethodAccessorImpl.java:62)
	at sun.reflect.DelegatingMethodAccessorImpl.invoke(DelegatingMethodAccessorImpl.java:43)
	at java.lang.reflect.Method.invoke(Method.java:498)
	at org.gradle.internal.dispatch.ReflectionDispatch.dispatch(ReflectionDispatch.java:36)
	at org.gradle.internal.dispatch.ReflectionDispatch.dispatch(ReflectionDispatch.java:24)
	at org.gradle.internal.remote.internal.hub.MessageHubBackedObjectConnection$DispatchWrapper.dispatch(MessageHubBackedObjectConnection.java:182)
	at org.gradle.internal.remote.internal.hub.MessageHubBackedObjectConnection$DispatchWrapper.dispatch(MessageHubBackedObjectConnection.java:164)
	at org.gradle.internal.remote.internal.hub.MessageHub$Handler.run(MessageHub.java:414)
	at org.gradle.internal.concurrent.ExecutorPolicy$CatchAndRecordFailures.onExecute(ExecutorPolicy.java:64)
	at org.gradle.internal.concurrent.ManagedExecutorImpl$1.run(ManagedExecutorImpl.java:48)
	at java.util.concurrent.ThreadPoolExecutor.runWorker(ThreadPoolExecutor.java:1149)
	at java.util.concurrent.ThreadPoolExecutor$Worker.run(ThreadPoolExecutor.java:624)
	at org.gradle.internal.concurrent.ThreadFactoryImpl$ManagedThreadRunnable.run(ThreadFactoryImpl.java:56)
	at java.lang.Thread.run(Thread.java:748)
</failure>
  </testcase>
  <system-out><![CDATA[[2020-10-25 17:02:51,722] [INFO] [akka.event.slf4j.Slf4jLogger] [AkkaQuickstartTest-akka.actor.default-dispatcher-3] [] - Slf4jLogger started
[2020-10-25 17:02:51,965] [INFO] [com.example.InitiatePayment] [AkkaQuickstartTest-akka.actor.default-dispatcher-7] [akka://AkkaQuickstartTest/user/greeter] - Initializing.......
[2020-10-25 17:02:51,974] [INFO] [com.example.TransactionIdGeneration] [AkkaQuickstartTest-akka.actor.default-dispatcher-3] [akka://AkkaQuickstartTest/user/greeter/initiatePayment] - TransactionId generated34329b61-1c0f-4205-96cf-dfd2c4c01214
[2020-10-25 17:02:51,977] [INFO] [com.example.TransactionIdGeneration] [AkkaQuickstartTest-akka.actor.default-dispatcher-3] [akka://AkkaQuickstartTest/user/greeter/initiatePayment] - TransactionId generatedc7e0a54e-2ed0-4a3f-9de6-24aa51c36c26
[2020-10-25 17:02:51,977] [INFO] [com.example.TransactionIdGeneration] [AkkaQuickstartTest-akka.actor.default-dispatcher-3] [akka://AkkaQuickstartTest/user/greeter/initiatePayment] - TransactionId generated8e34aed5-238b-4829-bb3e-42b18fad498f
[2020-10-25 17:02:51,979] [INFO] [com.example.TransactionIdGeneration] [AkkaQuickstartTest-akka.actor.default-dispatcher-3] [akka://AkkaQuickstartTest/user/greeter/initiatePayment] - TransactionId generated325e2a37-96db-49fe-84b1-897fa7987a27
[2020-10-25 17:02:51,981] [INFO] [com.example.TransactionIdGeneration] [AkkaQuickstartTest-akka.actor.default-dispatcher-3] [akka://AkkaQuickstartTest/user/greeter/initiatePayment] - TransactionId generated226e77a6-d29f-4a6f-9406-3bf42fc77f89
[2020-10-25 17:02:51,982] [INFO] [com.example.FraudVerification] [AkkaQuickstartTest-akka.actor.default-dispatcher-7] [akka://AkkaQuickstartTest/user/greeter/initiatePayment/FraudVerification] - Verification done...proceeding to process request: TransformedPayment{transactionId=34329b61-1c0f-4205-96cf-dfd2c4c01214, from='V1', to='V2', amount=2000.0}
[2020-10-25 17:02:51,982] [INFO] [com.example.FraudVerification] [AkkaQuickstartTest-akka.actor.default-dispatcher-7] [akka://AkkaQuickstartTest/user/greeter/initiatePayment/FraudVerification] - Verification done...proceeding to process request: TransformedPayment{transactionId=c7e0a54e-2ed0-4a3f-9de6-24aa51c36c26, from='V2', to='V3', amount=20.0}
[2020-10-25 17:02:51,985] [INFO] [com.example.FraudVerification] [AkkaQuickstartTest-akka.actor.default-dispatcher-7] [akka://AkkaQuickstartTest/user/greeter/initiatePayment/FraudVerification] - Verification done...proceeding to process request: TransformedPayment{transactionId=8e34aed5-238b-4829-bb3e-42b18fad498f, from='V3', to='V4', amount=200.0}
[2020-10-25 17:02:51,985] [INFO] [com.example.FraudVerification] [AkkaQuickstartTest-akka.actor.default-dispatcher-7] [akka://AkkaQuickstartTest/user/greeter/initiatePayment/FraudVerification] - Verification done...proceeding to process request: TransformedPayment{transactionId=325e2a37-96db-49fe-84b1-897fa7987a27, from='V4', to='V5', amount=250.0}
[2020-10-25 17:02:51,986] [INFO] [com.example.ProcessPayment] [AkkaQuickstartTest-akka.actor.default-dispatcher-3] [akka://AkkaQuickstartTest/user/greeter/initiatePayment/FraudVerification/processPayment] - processing payment....V1 -> V2  of 2000.0
[2020-10-25 17:02:51,989] [INFO] [com.example.ProcessPayment] [AkkaQuickstartTest-akka.actor.default-dispatcher-3] [akka://AkkaQuickstartTest/user/greeter/initiatePayment/FraudVerification/processPayment] - Transaction Done for: TransformedPayment{transactionId=34329b61-1c0f-4205-96cf-dfd2c4c01214, from='V1', to='V2', amount=2000.0} proceeding ahead..
[2020-10-25 17:02:51,990] [INFO] [com.example.FraudVerification] [AkkaQuickstartTest-akka.actor.default-dispatcher-7] [akka://AkkaQuickstartTest/user/greeter/initiatePayment/FraudVerification] - Verification done...proceeding to process request: TransformedPayment{transactionId=226e77a6-d29f-4a6f-9406-3bf42fc77f89, from='V5', to='V6', amount=20000.0}
[2020-10-25 17:02:51,991] [INFO] [com.example.ProcessPayment] [AkkaQuickstartTest-akka.actor.default-dispatcher-3] [akka://AkkaQuickstartTest/user/greeter/initiatePayment/FraudVerification/processPayment] - processing payment....V2 -> V3  of 20.0
[2020-10-25 17:02:51,991] [INFO] [com.example.ProcessPayment] [AkkaQuickstartTest-akka.actor.default-dispatcher-3] [akka://AkkaQuickstartTest/user/greeter/initiatePayment/FraudVerification/processPayment] - Transaction Done for: TransformedPayment{transactionId=c7e0a54e-2ed0-4a3f-9de6-24aa51c36c26, from='V2', to='V3', amount=20.0} proceeding ahead..
[2020-10-25 17:02:51,992] [INFO] [com.example.ProcessPayment] [AkkaQuickstartTest-akka.actor.default-dispatcher-3] [akka://AkkaQuickstartTest/user/greeter/initiatePayment/FraudVerification/processPayment] - processing payment....V3 -> V4  of 200.0
[2020-10-25 17:02:51,996] [INFO] [com.example.ProcessPayment] [AkkaQuickstartTest-akka.actor.default-dispatcher-3] [akka://AkkaQuickstartTest/user/greeter/initiatePayment/FraudVerification/processPayment] - Transaction Done for: TransformedPayment{transactionId=8e34aed5-238b-4829-bb3e-42b18fad498f, from='V3', to='V4', amount=200.0} proceeding ahead..
[2020-10-25 17:02:51,997] [INFO] [com.example.ProcessPayment] [AkkaQuickstartTest-akka.actor.default-dispatcher-3] [akka://AkkaQuickstartTest/user/greeter/initiatePayment/FraudVerification/processPayment] - processing payment....V4 -> V5  of 250.0
[2020-10-25 17:02:51,998] [INFO] [com.example.ProcessPayment] [AkkaQuickstartTest-akka.actor.default-dispatcher-3] [akka://AkkaQuickstartTest/user/greeter/initiatePayment/FraudVerification/processPayment] - Transaction Done for: TransformedPayment{transactionId=325e2a37-96db-49fe-84b1-897fa7987a27, from='V4', to='V5', amount=250.0} proceeding ahead..
[2020-10-25 17:02:52,000] [INFO] [com.example.ProcessPayment] [AkkaQuickstartTest-akka.actor.default-dispatcher-3] [akka://AkkaQuickstartTest/user/greeter/initiatePayment/FraudVerification/processPayment] - processing payment....V5 -> V6  of 20000.0
[2020-10-25 17:02:52,000] [INFO] [com.example.CompletePayment] [AkkaQuickstartTest-akka.actor.default-dispatcher-7] [akka://AkkaQuickstartTest/user/greeter/initiatePayment/FraudVerification/processPayment/completePayment] - Payment Completed, persisting data in the DB: TransformedPayment{transactionId=34329b61-1c0f-4205-96cf-dfd2c4c01214, from='V1', to='V2', amount=2000.0}
[2020-10-25 17:02:52,000] [INFO] [com.example.ProcessPayment] [AkkaQuickstartTest-akka.actor.default-dispatcher-3] [akka://AkkaQuickstartTest/user/greeter/initiatePayment/FraudVerification/processPayment] - Transaction Done for: TransformedPayment{transactionId=226e77a6-d29f-4a6f-9406-3bf42fc77f89, from='V5', to='V6', amount=20000.0} proceeding ahead..
[2020-10-25 17:02:52,001] [INFO] [com.example.CompletePayment] [AkkaQuickstartTest-akka.actor.default-dispatcher-7] [akka://AkkaQuickstartTest/user/greeter/initiatePayment/FraudVerification/processPayment/completePayment] - Payment Completed, persisting data in the DB: TransformedPayment{transactionId=c7e0a54e-2ed0-4a3f-9de6-24aa51c36c26, from='V2', to='V3', amount=20.0}
[2020-10-25 17:02:52,002] [INFO] [com.example.CompletePayment] [AkkaQuickstartTest-akka.actor.default-dispatcher-7] [akka://AkkaQuickstartTest/user/greeter/initiatePayment/FraudVerification/processPayment/completePayment] - Payment Completed, persisting data in the DB: TransformedPayment{transactionId=8e34aed5-238b-4829-bb3e-42b18fad498f, from='V3', to='V4', amount=200.0}
[2020-10-25 17:02:52,004] [INFO] [com.example.CompletePayment] [AkkaQuickstartTest-akka.actor.default-dispatcher-7] [akka://AkkaQuickstartTest/user/greeter/initiatePayment/FraudVerification/processPayment/completePayment] - Payment Completed, persisting data in the DB: TransformedPayment{transactionId=325e2a37-96db-49fe-84b1-897fa7987a27, from='V4', to='V5', amount=250.0}
[2020-10-25 17:02:52,004] [INFO] [com.example.CompletePayment] [AkkaQuickstartTest-akka.actor.default-dispatcher-7] [akka://AkkaQuickstartTest/user/greeter/initiatePayment/FraudVerification/processPayment/completePayment] - Payment Completed, persisting data in the DB: TransformedPayment{transactionId=226e77a6-d29f-4a6f-9406-3bf42fc77f89, from='V5', to='V6', amount=20000.0}
]]></system-out>
  <system-err><![CDATA[SLF4J: A number (1) of logging calls during the initialization phase have been intercepted and are
SLF4J: now being replayed. These are subject to the filtering rules of the underlying logging system.
SLF4J: See also http://www.slf4j.org/codes.html#replay
]]></system-err>
</testsuite>
